2021-04-29 17:03:24.786 [restartedMain] INFO  com.x.bridge.BridgeApp - Starting BridgeApp on Sunday with PID 17796 (D:\IdeaProjects\Bridge\target\classes started by admin in D:\IdeaProjects\Bridge)
2021-04-29 17:03:24.805 [restartedMain] INFO  com.x.bridge.BridgeApp - No active profile set, falling back to default profiles: default
2021-04-29 17:03:26.193 [restartedMain] INFO  org.apache.coyote.http11.Http11NioProtocol - Initializing ProtocolHandler ["http-nio-8080"]
2021-04-29 17:03:26.193 [restartedMain] INFO  org.apache.catalina.core.StandardService - Starting service [Tomcat]
2021-04-29 17:03:26.194 [restartedMain] INFO  org.apache.catalina.core.StandardEngine - Starting Servlet engine: [Apache Tomcat/9.0.38]
2021-04-29 17:03:26.322 [restartedMain] INFO  org.apache.catalina.core.ContainerBase.[Tomcat].[localhost].[/] - Initializing Spring embedded WebApplicationContext
2021-04-29 17:03:27.128 [restartedMain] INFO  org.apache.coyote.http11.Http11NioProtocol - Starting ProtocolHandler ["http-nio-8080"]
2021-04-29 17:03:27.173 [restartedMain] INFO  com.x.bridge.BridgeApp - Started BridgeApp in 2.978 seconds (JVM running for 6.351)
2021-04-29 17:03:27.459 [restartedMain] INFO  com.x.bridge.web.WebConfig - 打开路径:http://localhost:8080
2021-04-29 17:03:29.485 [http-nio-8080-exec-1] INFO  org.apache.catalina.core.ContainerBase.[Tomcat].[localhost].[/] - Initializing Spring DispatcherServlet 'dispatcherServlet'
2021-04-29 17:04:55.557 [restartedMain] INFO  com.x.bridge.BridgeApp - Starting BridgeApp on Sunday with PID 16220 (D:\IdeaProjects\Bridge\target\classes started by admin in D:\IdeaProjects\Bridge)
2021-04-29 17:04:55.570 [restartedMain] INFO  com.x.bridge.BridgeApp - No active profile set, falling back to default profiles: default
2021-04-29 17:04:56.784 [restartedMain] INFO  org.apache.coyote.http11.Http11NioProtocol - Initializing ProtocolHandler ["http-nio-8080"]
2021-04-29 17:04:56.785 [restartedMain] INFO  org.apache.catalina.core.StandardService - Starting service [Tomcat]
2021-04-29 17:04:56.785 [restartedMain] INFO  org.apache.catalina.core.StandardEngine - Starting Servlet engine: [Apache Tomcat/9.0.38]
2021-04-29 17:04:56.907 [restartedMain] INFO  org.apache.catalina.core.ContainerBase.[Tomcat].[localhost].[/] - Initializing Spring embedded WebApplicationContext
2021-04-29 17:04:57.605 [restartedMain] INFO  org.apache.coyote.http11.Http11NioProtocol - Starting ProtocolHandler ["http-nio-8080"]
2021-04-29 17:04:57.649 [restartedMain] INFO  com.x.bridge.BridgeApp - Started BridgeApp in 2.796 seconds (JVM running for 6.076)
2021-04-29 17:04:57.931 [restartedMain] INFO  com.x.bridge.web.WebConfig - 打开路径:http://localhost:8080
2021-04-29 17:04:59.920 [http-nio-8080-exec-1] INFO  org.apache.catalina.core.ContainerBase.[Tomcat].[localhost].[/] - Initializing Spring DispatcherServlet 'dispatcherServlet'
2021-04-29 17:05:30.572 [restartedMain] INFO  com.x.bridge.BridgeApp - Starting BridgeApp on Sunday with PID 16396 (D:\IdeaProjects\Bridge\target\classes started by admin in D:\IdeaProjects\Bridge)
2021-04-29 17:05:30.585 [restartedMain] INFO  com.x.bridge.BridgeApp - No active profile set, falling back to default profiles: default
2021-04-29 17:05:31.911 [restartedMain] INFO  org.apache.coyote.http11.Http11NioProtocol - Initializing ProtocolHandler ["http-nio-8080"]
2021-04-29 17:05:31.912 [restartedMain] INFO  org.apache.catalina.core.StandardService - Starting service [Tomcat]
2021-04-29 17:05:31.912 [restartedMain] INFO  org.apache.catalina.core.StandardEngine - Starting Servlet engine: [Apache Tomcat/9.0.38]
2021-04-29 17:05:32.066 [restartedMain] INFO  org.apache.catalina.core.ContainerBase.[Tomcat].[localhost].[/] - Initializing Spring embedded WebApplicationContext
2021-04-29 17:05:32.764 [restartedMain] INFO  org.apache.coyote.http11.Http11NioProtocol - Starting ProtocolHandler ["http-nio-8080"]
2021-04-29 17:05:32.813 [restartedMain] INFO  com.x.bridge.BridgeApp - Started BridgeApp in 2.989 seconds (JVM running for 6.721)
2021-04-29 17:05:33.096 [restartedMain] INFO  com.x.bridge.web.WebConfig - 打开路径:http://localhost:8080
2021-04-29 17:05:36.437 [http-nio-8080-exec-1] INFO  org.apache.catalina.core.ContainerBase.[Tomcat].[localhost].[/] - Initializing Spring DispatcherServlet 'dispatcherServlet'
2021-04-29 17:06:03.714 [restartedMain] INFO  com.x.bridge.BridgeApp - Starting BridgeApp on Sunday with PID 16732 (D:\IdeaProjects\Bridge\target\classes started by admin in D:\IdeaProjects\Bridge)
2021-04-29 17:06:03.800 [restartedMain] INFO  com.x.bridge.BridgeApp - No active profile set, falling back to default profiles: default
2021-04-29 17:06:05.189 [restartedMain] INFO  org.apache.coyote.http11.Http11NioProtocol - Initializing ProtocolHandler ["http-nio-8080"]
2021-04-29 17:06:05.190 [restartedMain] INFO  org.apache.catalina.core.StandardService - Starting service [Tomcat]
2021-04-29 17:06:05.190 [restartedMain] INFO  org.apache.catalina.core.StandardEngine - Starting Servlet engine: [Apache Tomcat/9.0.38]
2021-04-29 17:06:05.312 [restartedMain] INFO  org.apache.catalina.core.ContainerBase.[Tomcat].[localhost].[/] - Initializing Spring embedded WebApplicationContext
2021-04-29 17:06:05.952 [restartedMain] INFO  org.apache.coyote.http11.Http11NioProtocol - Starting ProtocolHandler ["http-nio-8080"]
2021-04-29 17:06:06.174 [restartedMain] INFO  com.x.bridge.BridgeApp - Started BridgeApp in 3.165 seconds (JVM running for 6.911)
2021-04-29 17:06:06.427 [restartedMain] INFO  com.x.bridge.web.WebConfig - 打开路径:http://localhost:8080
2021-04-29 17:06:08.687 [http-nio-8080-exec-1] INFO  org.apache.catalina.core.ContainerBase.[Tomcat].[localhost].[/] - Initializing Spring DispatcherServlet 'dispatcherServlet'
2021-04-29 17:06:23.931 [restartedMain] INFO  com.x.bridge.BridgeApp - Starting BridgeApp on Sunday with PID 3744 (D:\IdeaProjects\Bridge\target\classes started by admin in D:\IdeaProjects\Bridge)
2021-04-29 17:06:23.944 [restartedMain] INFO  com.x.bridge.BridgeApp - No active profile set, falling back to default profiles: default
2021-04-29 17:06:25.354 [restartedMain] INFO  org.apache.coyote.http11.Http11NioProtocol - Initializing ProtocolHandler ["http-nio-8080"]
2021-04-29 17:06:25.355 [restartedMain] INFO  org.apache.catalina.core.StandardService - Starting service [Tomcat]
2021-04-29 17:06:25.355 [restartedMain] INFO  org.apache.catalina.core.StandardEngine - Starting Servlet engine: [Apache Tomcat/9.0.38]
2021-04-29 17:06:25.509 [restartedMain] INFO  org.apache.catalina.core.ContainerBase.[Tomcat].[localhost].[/] - Initializing Spring embedded WebApplicationContext
2021-04-29 17:06:26.366 [restartedMain] INFO  org.apache.coyote.http11.Http11NioProtocol - Starting ProtocolHandler ["http-nio-8080"]
2021-04-29 17:06:26.417 [restartedMain] INFO  com.x.bridge.BridgeApp - Started BridgeApp in 3.358 seconds (JVM running for 7.466)
2021-04-29 17:06:26.784 [restartedMain] INFO  com.x.bridge.web.WebConfig - 打开路径:http://localhost:8080
2021-04-29 17:06:29.249 [http-nio-8080-exec-1] INFO  org.apache.catalina.core.ContainerBase.[Tomcat].[localhost].[/] - Initializing Spring DispatcherServlet 'dispatcherServlet'
